<?xml version="1.0" ?>
<!DOCTYPE coverage SYSTEM "http://cobertura.sourceforge.net/xml/coverage-04.dtd">
<coverage lines-valid="922" lines-covered="881" line-rate="0.9555" branches-valid="202" branches-covered="186" branch-rate="0.9207" timestamp="1775756147488" complexity="0" version="0.1">
  <sources>
    <source>/Users/kailash/NUS/Y4S2/CS4218/cs4218-2520-ecom-project-cs4218-2520-team25</source>
  </sources>
  <packages>
    <package name="cs4218-2520-ecom-project-cs4218-2520-team25" line-rate="1" branch-rate="1">
      <classes>
        <class name="app.js" filename="app.js" line-rate="1" branch-rate="1">
          <methods>
            <method name="(anonymous_0)" hits="1" signature="()V">
              <lines>
                <line number="24" hits="1"/>
              </lines>
            </method>
          </methods>
          <lines>
            <line number="11" hits="3" branch="false"/>
            <line number="14" hits="3" branch="false"/>
            <line number="15" hits="3" branch="false"/>
            <line number="16" hits="3" branch="false"/>
            <line number="19" hits="3" branch="false"/>
            <line number="20" hits="3" branch="false"/>
            <line number="21" hits="3" branch="false"/>
            <line number="24" hits="3" branch="false"/>
            <line number="25" hits="1" branch="false"/>
          </lines>
        </class>
      </classes>
    </package>
    <package name="cs4218-2520-ecom-project-cs4218-2520-team25.client.src.components" line-rate="1" branch-rate="1">
      <classes>
        <class name="AdminMenu.js" filename="client/src/components/AdminMenu.js" line-rate="1" branch-rate="1">
          <methods>
            <method name="(anonymous_0)" hits="3" signature="()V">
              <lines>
                <line number="3" hits="3"/>
              </lines>
            </method>
          </methods>
          <lines>
            <line number="3" hits="1" branch="false"/>
            <line number="4" hits="3" branch="false"/>
          </lines>
        </class>
        <class name="Footer.js" filename="client/src/components/Footer.js" line-rate="1" branch-rate="1">
          <methods>
            <method name="(anonymous_0)" hits="5" signature="()V">
              <lines>
                <line number="4" hits="5"/>
              </lines>
            </method>
          </methods>
          <lines>
            <line number="4" hits="1" branch="false"/>
            <line number="5" hits="5" branch="false"/>
          </lines>
        </class>
        <class name="Header.js" filename="client/src/components/Header.js" line-rate="1" branch-rate="1">
          <methods>
            <method name="(anonymous_0)" hits="31" signature="()V">
              <lines>
                <line number="10" hits="31"/>
              </lines>
            </method>
            <method name="(anonymous_1)" hits="2" signature="()V">
              <lines>
                <line number="14" hits="2"/>
              </lines>
            </method>
            <method name="(anonymous_2)" hits="6" signature="()V">
              <lines>
                <line number="67" hits="6"/>
              </lines>
            </method>
          </methods>
          <lines>
            <line number="10" hits="2" branch="false"/>
            <line number="11" hits="31" branch="false"/>
            <line number="12" hits="30" branch="false"/>
            <line number="13" hits="30" branch="false"/>
            <line number="14" hits="30" branch="false"/>
            <line number="15" hits="2" branch="false"/>
            <line number="20" hits="2" branch="false"/>
            <line number="21" hits="2" branch="false"/>
            <line number="23" hits="30" branch="false"/>
            <line number="68" hits="6" branch="false"/>
          </lines>
        </class>
        <class name="Layout.js" filename="client/src/components/Layout.js" line-rate="1" branch-rate="1">
          <methods>
            <method name="(anonymous_0)" hits="16" signature="()V">
              <lines>
                <line number="8" hits="16"/>
              </lines>
            </method>
          </methods>
          <lines>
            <line number="8" hits="1" branch="false"/>
            <line number="9" hits="16" branch="false"/>
            <line number="28" hits="1" branch="false"/>
          </lines>
        </class>
        <class name="Prices.js" filename="client/src/components/Prices.js" line-rate="1" branch-rate="1">
          <methods>
          </methods>
          <lines>
            <line number="1" hits="2" branch="false"/>
          </lines>
        </class>
        <class name="Spinner.js" filename="client/src/components/Spinner.js" line-rate="1" branch-rate="1">
          <methods>
            <method name="(anonymous_0)" hits="20" signature="()V">
              <lines>
                <line number="3" hits="20"/>
              </lines>
            </method>
            <method name="(anonymous_1)" hits="20" signature="()V">
              <lines>
                <line number="8" hits="20"/>
              </lines>
            </method>
            <method name="(anonymous_2)" hits="20" signature="()V">
              <lines>
                <line number="9" hits="20"/>
              </lines>
            </method>
            <method name="(anonymous_3)" hits="20" signature="()V">
              <lines>
                <line number="10" hits="20"/>
              </lines>
            </method>
            <method name="(anonymous_4)" hits="20" signature="()V">
              <lines>
                <line number="15" hits="20"/>
              </lines>
            </method>
          </methods>
          <lines>
            <line number="3" hits="1" branch="true" condition-coverage="100% (1/1)"/>
            <line number="4" hits="20" branch="false"/>
            <line number="5" hits="20" branch="false"/>
            <line number="6" hits="20" branch="false"/>
            <line number="8" hits="20" branch="false"/>
            <line number="9" hits="20" branch="false"/>
            <line number="10" hits="20" branch="false"/>
            <line number="12" hits="20" branch="true" condition-coverage="100% (2/2)"/>
            <line number="15" hits="20" branch="false"/>
            <line number="17" hits="20" branch="false"/>
          </lines>
        </class>
        <class name="UserMenu.js" filename="client/src/components/UserMenu.js" line-rate="1" branch-rate="1">
          <methods>
            <method name="(anonymous_0)" hits="3" signature="()V">
              <lines>
                <line number="3" hits="3"/>
              </lines>
            </method>
          </methods>
          <lines>
            <line number="3" hits="1" branch="false"/>
            <line number="4" hits="3" branch="false"/>
          </lines>
        </class>
      </classes>
    </package>
    <package name="cs4218-2520-ecom-project-cs4218-2520-team25.client.src.components.Form" line-rate="1" branch-rate="1">
      <classes>
        <class name="CategoryForm.js" filename="client/src/components/Form/CategoryForm.js" line-rate="1" branch-rate="1">
          <methods>
            <method name="(anonymous_0)" hits="4" signature="()V">
              <lines>
                <line number="3" hits="4"/>
              </lines>
            </method>
            <method name="(anonymous_1)" hits="1" signature="()V">
              <lines>
                <line number="13" hits="1"/>
              </lines>
            </method>
          </methods>
          <lines>
            <line number="3" hits="1" branch="false"/>
            <line number="4" hits="4" branch="false"/>
            <line number="13" hits="1" branch="false"/>
          </lines>
        </class>
        <class name="SearchInput.js" filename="client/src/components/Form/SearchInput.js" line-rate="1" branch-rate="1">
          <methods>
            <method name="(anonymous_0)" hits="7" signature="()V">
              <lines>
                <line number="5" hits="7"/>
              </lines>
            </method>
            <method name="(anonymous_1)" hits="3" signature="()V">
              <lines>
                <line number="9" hits="3"/>
              </lines>
            </method>
            <method name="(anonymous_2)" hits="2" signature="()V">
              <lines>
                <line number="30" hits="2"/>
              </lines>
            </method>
          </methods>
          <lines>
            <line number="5" hits="2" branch="false"/>
            <line number="6" hits="7" branch="false"/>
            <line number="7" hits="7" branch="false"/>
            <line number="9" hits="7" branch="false"/>
            <line number="10" hits="3" branch="false"/>
            <line number="11" hits="3" branch="false"/>
            <line number="12" hits="3" branch="false"/>
            <line number="15" hits="2" branch="false"/>
            <line number="16" hits="2" branch="false"/>
            <line number="18" hits="1" branch="false"/>
            <line number="21" hits="7" branch="false"/>
            <line number="30" hits="2" branch="false"/>
          </lines>
        </class>
      </classes>
    </package>
    <package name="cs4218-2520-ecom-project-cs4218-2520-team25.client.src.components.Routes" line-rate="1" branch-rate="1">
      <classes>
        <class name="Private.js" filename="client/src/components/Routes/Private.js" line-rate="1" branch-rate="1">
          <methods>
            <method name="PrivateRoute" hits="4" signature="()V">
              <lines>
                <line number="7" hits="4"/>
              </lines>
            </method>
            <method name="(anonymous_1)" hits="3" signature="()V">
              <lines>
                <line number="11" hits="3"/>
              </lines>
            </method>
            <method name="(anonymous_2)" hits="2" signature="()V">
              <lines>
                <line number="12" hits="2"/>
              </lines>
            </method>
          </methods>
          <lines>
            <line number="8" hits="4" branch="false"/>
            <line number="9" hits="4" branch="false"/>
            <line number="11" hits="4" branch="false"/>
            <line number="12" hits="3" branch="false"/>
            <line number="13" hits="2" branch="false"/>
            <line number="14" hits="2" branch="true" condition-coverage="100% (2/2)"/>
            <line number="15" hits="1" branch="false"/>
            <line number="17" hits="1" branch="false"/>
            <line number="20" hits="3" branch="true" condition-coverage="100% (2/2)"/>
            <line number="23" hits="4" branch="true" condition-coverage="100% (2/2)"/>
          </lines>
        </class>
      </classes>
    </package>
    <package name="cs4218-2520-ecom-project-cs4218-2520-team25.client.src.context" line-rate="1" branch-rate="1">
      <classes>
        <class name="auth.js" filename="client/src/context/auth.js" line-rate="1" branch-rate="1">
          <methods>
            <method name="(anonymous_0)" hits="13" signature="()V">
              <lines>
                <line number="8" hits="13"/>
              </lines>
            </method>
            <method name="(anonymous_1)" hits="9" signature="()V">
              <lines>
                <line number="17" hits="9"/>
              </lines>
            </method>
            <method name="(anonymous_2)" hits="16" signature="()V">
              <lines>
                <line number="37" hits="16"/>
              </lines>
            </method>
          </methods>
          <lines>
            <line number="6" hits="2" branch="false"/>
            <line number="8" hits="2" branch="false"/>
            <line number="9" hits="13" branch="false"/>
            <line number="15" hits="13" branch="false"/>
            <line number="17" hits="13" branch="false"/>
            <line number="18" hits="9" branch="false"/>
            <line number="19" hits="9" branch="true" condition-coverage="100% (2/2)"/>
            <line number="20" hits="3" branch="false"/>
            <line number="21" hits="3" branch="false"/>
            <line number="29" hits="13" branch="false"/>
            <line number="37" hits="16" branch="false"/>
          </lines>
        </class>
        <class name="cart.js" filename="client/src/context/cart.js" line-rate="1" branch-rate="1">
          <methods>
            <method name="(anonymous_0)" hits="17" signature="()V">
              <lines>
                <line number="4" hits="17"/>
              </lines>
            </method>
            <method name="(anonymous_1)" hits="13" signature="()V">
              <lines>
                <line number="7" hits="13"/>
              </lines>
            </method>
            <method name="(anonymous_2)" hits="26" signature="()V">
              <lines>
                <line number="20" hits="26"/>
              </lines>
            </method>
          </methods>
          <lines>
            <line number="3" hits="4" branch="false"/>
            <line number="4" hits="4" branch="false"/>
            <line number="5" hits="17" branch="false"/>
            <line number="7" hits="17" branch="false"/>
            <line number="8" hits="13" branch="false"/>
            <line number="9" hits="13" branch="true" condition-coverage="100% (2/2)"/>
            <line number="12" hits="17" branch="false"/>
            <line number="20" hits="26" branch="false"/>
          </lines>
        </class>
        <class name="search.js" filename="client/src/context/search.js" line-rate="1" branch-rate="1">
          <methods>
            <method name="(anonymous_0)" hits="9" signature="()V">
              <lines>
                <line number="4" hits="9"/>
              </lines>
            </method>
            <method name="(anonymous_1)" hits="14" signature="()V">
              <lines>
                <line number="18" hits="14"/>
              </lines>
            </method>
          </methods>
          <lines>
            <line number="3" hits="3" branch="false"/>
            <line number="4" hits="3" branch="false"/>
            <line number="5" hits="9" branch="false"/>
            <line number="10" hits="9" branch="false"/>
            <line number="18" hits="14" branch="false"/>
          </lines>
        </class>
      </classes>
    </package>
    <package name="cs4218-2520-ecom-project-cs4218-2520-team25.client.src.hooks" line-rate="1" branch-rate="1">
      <classes>
        <class name="useCategory.js" filename="client/src/hooks/useCategory.js" line-rate="1" branch-rate="1">
          <methods>
            <method name="useCategory" hits="26" signature="()V">
              <lines>
                <line number="4" hits="26"/>
              </lines>
            </method>
            <method name="(anonymous_1)" hits="16" signature="()V">
              <lines>
                <line number="8" hits="16"/>
              </lines>
            </method>
            <method name="(anonymous_2)" hits="16" signature="()V">
              <lines>
                <line number="17" hits="16"/>
              </lines>
            </method>
          </methods>
          <lines>
            <line number="5" hits="26" branch="false"/>
            <line number="8" hits="25" branch="false"/>
            <line number="9" hits="16" branch="false"/>
            <line number="10" hits="16" branch="false"/>
            <line number="11" hits="9" branch="false"/>
            <line number="13" hits="7" branch="false"/>
            <line number="17" hits="25" branch="false"/>
            <line number="18" hits="16" branch="false"/>
            <line number="21" hits="25" branch="false"/>
          </lines>
        </class>
      </classes>
    </package>
    <package name="cs4218-2520-ecom-project-cs4218-2520-team25.client.src.pages" line-rate="0.8432" branch-rate="0.8887999999999999">
      <classes>
        <class name="About.js" filename="client/src/pages/About.js" line-rate="1" branch-rate="1">
          <methods>
            <method name="(anonymous_0)" hits="6" signature="()V">
              <lines>
                <line number="4" hits="6"/>
              </lines>
            </method>
          </methods>
          <lines>
            <line number="4" hits="1" branch="false"/>
            <line number="5" hits="6" branch="false"/>
          </lines>
        </class>
        <class name="CartPage.js" filename="client/src/pages/CartPage.js" line-rate="0.9582999999999999" branch-rate="1">
          <methods>
            <method name="(anonymous_0)" hits="22" signature="()V">
              <lines>
                <line number="12" hits="22"/>
              </lines>
            </method>
            <method name="(anonymous_1)" hits="21" signature="()V">
              <lines>
                <line number="21" hits="21"/>
              </lines>
            </method>
            <method name="(anonymous_2)" hits="36" signature="()V">
              <lines>
                <line number="24" hits="36"/>
              </lines>
            </method>
            <method name="(anonymous_3)" hits="1" signature="()V">
              <lines>
                <line number="36" hits="1"/>
              </lines>
            </method>
            <method name="(anonymous_4)" hits="1" signature="()V">
              <lines>
                <line number="39" hits="1"/>
              </lines>
            </method>
            <method name="(anonymous_5)" hits="12" signature="()V">
              <lines>
                <line number="49" hits="12"/>
              </lines>
            </method>
            <method name="(anonymous_6)" hits="12" signature="()V">
              <lines>
                <line number="57" hits="12"/>
              </lines>
            </method>
            <method name="(anonymous_7)" hits="2" signature="()V">
              <lines>
                <line number="62" hits="2"/>
              </lines>
            </method>
            <method name="(anonymous_8)" hits="36" signature="()V">
              <lines>
                <line number="102" hits="36"/>
              </lines>
            </method>
            <method name="(anonymous_9)" hits="1" signature="()V">
              <lines>
                <line number="121" hits="1"/>
              </lines>
            </method>
            <method name="(anonymous_10)" hits="1" signature="()V">
              <lines>
                <line number="141" hits="1"/>
              </lines>
            </method>
            <method name="(anonymous_11)" hits="1" signature="()V">
              <lines>
                <line number="152" hits="1"/>
              </lines>
            </method>
            <method name="(anonymous_12)" hits="1" signature="()V">
              <lines>
                <line number="159" hits="1"/>
              </lines>
            </method>
            <method name="(anonymous_13)" hits="7" signature="()V">
              <lines>
                <line number="182" hits="7"/>
              </lines>
            </method>
          </methods>
          <lines>
            <line number="12" hits="1" branch="false"/>
            <line number="13" hits="22" branch="false"/>
            <line number="14" hits="22" branch="false"/>
            <line number="15" hits="22" branch="false"/>
            <line number="16" hits="21" branch="false"/>
            <line number="17" hits="21" branch="false"/>
            <line number="18" hits="21" branch="false"/>
            <line number="21" hits="21" branch="false"/>
            <line number="22" hits="21" branch="false"/>
            <line number="23" hits="21" branch="false"/>
            <line number="24" hits="21" branch="false"/>
            <line number="25" hits="36" branch="false"/>
            <line number="27" hits="21" branch="false"/>
            <line number="32" hits="0" branch="false"/>
            <line number="36" hits="21" branch="false"/>
            <line number="37" hits="1" branch="false"/>
            <line number="38" hits="1" branch="false"/>
            <line number="39" hits="1" branch="false"/>
            <line number="40" hits="1" branch="false"/>
            <line number="41" hits="1" branch="false"/>
            <line number="42" hits="1" branch="false"/>
            <line number="44" hits="0" branch="false"/>
            <line number="49" hits="21" branch="false"/>
            <line number="50" hits="12" branch="false"/>
            <line number="51" hits="12" branch="false"/>
            <line number="52" hits="11" branch="false"/>
            <line number="54" hits="1" branch="false"/>
            <line number="57" hits="21" branch="false"/>
            <line number="58" hits="12" branch="false"/>
            <line number="62" hits="21" branch="false"/>
            <line number="63" hits="2" branch="false"/>
            <line number="64" hits="2" branch="false"/>
            <line number="65" hits="2" branch="false"/>
            <line number="66" hits="1" branch="false"/>
            <line number="70" hits="1" branch="false"/>
            <line number="71" hits="1" branch="false"/>
            <line number="72" hits="1" branch="false"/>
            <line number="73" hits="1" branch="false"/>
            <line number="74" hits="1" branch="false"/>
            <line number="76" hits="1" branch="false"/>
            <line number="77" hits="1" branch="false"/>
            <line number="80" hits="21" branch="false"/>
            <line number="103" hits="36" branch="false"/>
            <line number="121" hits="1" branch="false"/>
            <line number="141" hits="1" branch="false"/>
            <line number="152" hits="1" branch="false"/>
            <line number="160" hits="1" branch="false"/>
            <line number="182" hits="7" branch="false"/>
          </lines>
        </class>
        <class name="Categories.js" filename="client/src/pages/Categories.js" line-rate="1" branch-rate="1">
          <methods>
            <method name="(anonymous_0)" hits="11" signature="()V">
              <lines>
                <line number="5" hits="11"/>
              </lines>
            </method>
            <method name="(anonymous_1)" hits="5" signature="()V">
              <lines>
                <line number="11" hits="5"/>
              </lines>
            </method>
          </methods>
          <lines>
            <line number="5" hits="2" branch="false"/>
            <line number="6" hits="11" branch="false"/>
            <line number="7" hits="10" branch="false"/>
            <line number="12" hits="5" branch="false"/>
          </lines>
        </class>
        <class name="CategoryProduct.js" filename="client/src/pages/CategoryProduct.js" line-rate="0.9375" branch-rate="0.5">
          <methods>
            <method name="(anonymous_0)" hits="4" signature="()V">
              <lines>
                <line number="6" hits="4"/>
              </lines>
            </method>
            <method name="(anonymous_1)" hits="2" signature="()V">
              <lines>
                <line number="12" hits="2"/>
              </lines>
            </method>
            <method name="(anonymous_2)" hits="2" signature="()V">
              <lines>
                <line number="15" hits="2"/>
              </lines>
            </method>
            <method name="(anonymous_3)" hits="2" signature="()V">
              <lines>
                <line number="35" hits="2"/>
              </lines>
            </method>
            <method name="(anonymous_4)" hits="1" signature="()V">
              <lines>
                <line number="58" hits="1"/>
              </lines>
            </method>
          </methods>
          <lines>
            <line number="6" hits="1" branch="false"/>
            <line number="7" hits="4" branch="false"/>
            <line number="8" hits="4" branch="false"/>
            <line number="9" hits="4" branch="false"/>
            <line number="10" hits="4" branch="false"/>
            <line number="12" hits="4" branch="false"/>
            <line number="13" hits="2" branch="true" condition-coverage="50% (1/2)"/>
            <line number="15" hits="4" branch="false"/>
            <line number="16" hits="2" branch="false"/>
            <line number="17" hits="2" branch="false"/>
            <line number="20" hits="2" branch="false"/>
            <line number="21" hits="2" branch="false"/>
            <line number="23" hits="0" branch="false"/>
            <line number="27" hits="4" branch="false"/>
            <line number="36" hits="2" branch="false"/>
            <line number="58" hits="1" branch="false"/>
          </lines>
        </class>
        <class name="Contact.js" filename="client/src/pages/Contact.js" line-rate="1" branch-rate="1">
          <methods>
            <method name="(anonymous_0)" hits="3" signature="()V">
              <lines>
                <line number="5" hits="3"/>
              </lines>
            </method>
          </methods>
          <lines>
            <line number="5" hits="1" branch="false"/>
            <line number="6" hits="3" branch="false"/>
          </lines>
        </class>
        <class name="HomePage.js" filename="client/src/pages/HomePage.js" line-rate="0.7464" branch-rate="0.7333">
          <methods>
            <method name="(anonymous_0)" hits="25" signature="()V">
              <lines>
                <line number="12" hits="25"/>
              </lines>
            </method>
            <method name="(anonymous_1)" hits="8" signature="()V">
              <lines>
                <line number="24" hits="8"/>
              </lines>
            </method>
            <method name="(anonymous_2)" hits="8" signature="()V">
              <lines>
                <line number="35" hits="8"/>
              </lines>
            </method>
            <method name="(anonymous_3)" hits="8" signature="()V">
              <lines>
                <line number="41" hits="8"/>
              </lines>
            </method>
            <method name="(anonymous_4)" hits="8" signature="()V">
              <lines>
                <line number="54" hits="8"/>
              </lines>
            </method>
            <method name="(anonymous_5)" hits="9" signature="()V">
              <lines>
                <line number="63" hits="9"/>
              </lines>
            </method>
            <method name="(anonymous_6)" hits="1" signature="()V">
              <lines>
                <line number="69" hits="1"/>
              </lines>
            </method>
            <method name="(anonymous_7)" hits="0" signature="()V">
              <lines>
                <line number="82" hits="0"/>
              </lines>
            </method>
            <method name="(anonymous_8)" hits="0" signature="()V">
              <lines>
                <line number="87" hits="0"/>
              </lines>
            </method>
            <method name="(anonymous_9)" hits="8" signature="()V">
              <lines>
                <line number="92" hits="8"/>
              </lines>
            </method>
            <method name="(anonymous_10)" hits="0" signature="()V">
              <lines>
                <line number="109" hits="0"/>
              </lines>
            </method>
            <method name="(anonymous_11)" hits="1" signature="()V">
              <lines>
                <line number="134" hits="1"/>
              </lines>
            </method>
            <method name="(anonymous_12)" hits="0" signature="()V">
              <lines>
                <line number="137" hits="0"/>
              </lines>
            </method>
            <method name="(anonymous_13)" hits="0" signature="()V">
              <lines>
                <line number="147" hits="0"/>
              </lines>
            </method>
            <method name="(anonymous_14)" hits="150" signature="()V">
              <lines>
                <line number="148" hits="150"/>
              </lines>
            </method>
            <method name="(anonymous_15)" hits="1" signature="()V">
              <lines>
                <line number="159" hits="1"/>
              </lines>
            </method>
            <method name="(anonymous_16)" hits="10" signature="()V">
              <lines>
                <line number="169" hits="10"/>
              </lines>
            </method>
            <method name="(anonymous_17)" hits="1" signature="()V">
              <lines>
                <line number="192" hits="1"/>
              </lines>
            </method>
            <method name="(anonymous_18)" hits="2" signature="()V">
              <lines>
                <line number="198" hits="2"/>
              </lines>
            </method>
            <method name="(anonymous_19)" hits="1" signature="()V">
              <lines>
                <line number="218" hits="1"/>
              </lines>
            </method>
          </methods>
          <lines>
            <line number="12" hits="2" branch="false"/>
            <line number="13" hits="25" branch="false"/>
            <line number="14" hits="25" branch="false"/>
            <line number="15" hits="25" branch="false"/>
            <line number="16" hits="25" branch="false"/>
            <line number="17" hits="25" branch="false"/>
            <line number="18" hits="25" branch="false"/>
            <line number="19" hits="25" branch="false"/>
            <line number="20" hits="25" branch="false"/>
            <line number="21" hits="25" branch="false"/>
            <line number="24" hits="25" branch="false"/>
            <line number="25" hits="8" branch="false"/>
            <line number="26" hits="8" branch="false"/>
            <line number="27" hits="8" branch="true" condition-coverage="50% (1/2)"/>
            <line number="28" hits="8" branch="false"/>
            <line number="31" hits="0" branch="false"/>
            <line number="35" hits="25" branch="false"/>
            <line number="36" hits="8" branch="false"/>
            <line number="37" hits="8" branch="false"/>
            <line number="41" hits="25" branch="false"/>
            <line number="42" hits="8" branch="false"/>
            <line number="43" hits="8" branch="false"/>
            <line number="44" hits="8" branch="false"/>
            <line number="45" hits="8" branch="false"/>
            <line number="46" hits="8" branch="false"/>
            <line number="48" hits="0" branch="false"/>
            <line number="49" hits="0" branch="false"/>
            <line number="54" hits="25" branch="false"/>
            <line number="55" hits="8" branch="false"/>
            <line number="56" hits="8" branch="false"/>
            <line number="57" hits="8" branch="false"/>
            <line number="59" hits="0" branch="false"/>
            <line number="63" hits="25" branch="false"/>
            <line number="64" hits="9" branch="true" condition-coverage="100% (2/2)"/>
            <line number="65" hits="1" branch="false"/>
            <line number="69" hits="25" branch="false"/>
            <line number="70" hits="1" branch="false"/>
            <line number="71" hits="1" branch="false"/>
            <line number="72" hits="1" branch="false"/>
            <line number="73" hits="1" branch="false"/>
            <line number="74" hits="1" branch="false"/>
            <line number="76" hits="0" branch="false"/>
            <line number="77" hits="0" branch="false"/>
            <line number="82" hits="25" branch="false"/>
            <line number="83" hits="0" branch="false"/>
            <line number="84" hits="0" branch="true" condition-coverage="0% (0/2)"/>
            <line number="85" hits="0" branch="false"/>
            <line number="87" hits="0" branch="false"/>
            <line number="89" hits="0" branch="false"/>
            <line number="92" hits="25" branch="false"/>
            <line number="93" hits="8" branch="true" condition-coverage="75% (3/4)"/>
            <line number="94" hits="0" branch="false"/>
            <line number="96" hits="8" branch="false"/>
            <line number="109" hits="25" branch="false"/>
            <line number="110" hits="0" branch="false"/>
            <line number="111" hits="0" branch="false"/>
            <line number="115" hits="0" branch="false"/>
            <line number="117" hits="0" branch="false"/>
            <line number="120" hits="25" branch="false"/>
            <line number="135" hits="1" branch="false"/>
            <line number="137" hits="0" branch="false"/>
            <line number="147" hits="0" branch="false"/>
            <line number="149" hits="150" branch="false"/>
            <line number="159" hits="1" branch="false"/>
            <line number="170" hits="10" branch="false"/>
            <line number="192" hits="1" branch="false"/>
            <line number="199" hits="2" branch="false"/>
            <line number="200" hits="2" branch="false"/>
            <line number="204" hits="2" branch="false"/>
            <line number="219" hits="1" branch="false"/>
            <line number="220" hits="1" branch="false"/>
          </lines>
        </class>
        <class name="Pagenotfound.js" filename="client/src/pages/Pagenotfound.js" line-rate="1" branch-rate="1">
          <methods>
            <method name="(anonymous_0)" hits="6" signature="()V">
              <lines>
                <line number="5" hits="6"/>
              </lines>
            </method>
          </methods>
          <lines>
            <line number="5" hits="2" branch="false"/>
            <line number="6" hits="6" branch="false"/>
          </lines>
        </class>
        <class name="Policy.js" filename="client/src/pages/Policy.js" line-rate="1" branch-rate="1">
          <methods>
            <method name="(anonymous_0)" hits="2" signature="()V">
              <lines>
                <line number="4" hits="2"/>
              </lines>
            </method>
          </methods>
          <lines>
            <line number="4" hits="1" branch="false"/>
            <line number="5" hits="2" branch="false"/>
          </lines>
        </class>
        <class name="ProductDetails.js" filename="client/src/pages/ProductDetails.js" line-rate="0.8571" branch-rate="1">
          <methods>
            <method name="(anonymous_0)" hits="9" signature="()V">
              <lines>
                <line number="11" hits="9"/>
              </lines>
            </method>
            <method name="(anonymous_1)" hits="5" signature="()V">
              <lines>
                <line number="19" hits="5"/>
              </lines>
            </method>
            <method name="(anonymous_2)" hits="4" signature="()V">
              <lines>
                <line number="23" hits="4"/>
              </lines>
            </method>
            <method name="(anonymous_3)" hits="3" signature="()V">
              <lines>
                <line number="35" hits="3"/>
              </lines>
            </method>
            <method name="(anonymous_4)" hits="1" signature="()V">
              <lines>
                <line number="72" hits="1"/>
              </lines>
            </method>
            <method name="(anonymous_5)" hits="2" signature="()V">
              <lines>
                <line number="89" hits="2"/>
              </lines>
            </method>
            <method name="(anonymous_6)" hits="1" signature="()V">
              <lines>
                <line number="112" hits="1"/>
              </lines>
            </method>
            <method name="(anonymous_7)" hits="0" signature="()V">
              <lines>
                <line number="118" hits="0"/>
              </lines>
            </method>
          </methods>
          <lines>
            <line number="11" hits="1" branch="false"/>
            <line number="12" hits="9" branch="false"/>
            <line number="13" hits="9" branch="false"/>
            <line number="14" hits="9" branch="false"/>
            <line number="15" hits="9" branch="false"/>
            <line number="16" hits="8" branch="false"/>
            <line number="19" hits="8" branch="false"/>
            <line number="20" hits="5" branch="true" condition-coverage="100% (2/2)"/>
            <line number="23" hits="8" branch="false"/>
            <line number="24" hits="4" branch="false"/>
            <line number="25" hits="4" branch="false"/>
            <line number="28" hits="3" branch="false"/>
            <line number="29" hits="3" branch="false"/>
            <line number="31" hits="1" branch="false"/>
            <line number="35" hits="8" branch="false"/>
            <line number="36" hits="3" branch="false"/>
            <line number="37" hits="3" branch="false"/>
            <line number="40" hits="3" branch="false"/>
            <line number="42" hits="0" branch="false"/>
            <line number="45" hits="8" branch="false"/>
            <line number="73" hits="1" branch="false"/>
            <line number="74" hits="1" branch="false"/>
            <line number="75" hits="1" branch="false"/>
            <line number="90" hits="2" branch="false"/>
            <line number="112" hits="1" branch="false"/>
            <line number="119" hits="0" branch="false"/>
            <line number="120" hits="0" branch="false"/>
            <line number="124" hits="0" branch="false"/>
          </lines>
        </class>
        <class name="Search.js" filename="client/src/pages/Search.js" line-rate="0.6" branch-rate="1">
          <methods>
            <method name="(anonymous_0)" hits="7" signature="()V">
              <lines>
                <line number="8" hits="7"/>
              </lines>
            </method>
            <method name="(anonymous_1)" hits="4" signature="()V">
              <lines>
                <line number="23" hits="4"/>
              </lines>
            </method>
            <method name="(anonymous_2)" hits="0" signature="()V">
              <lines>
                <line number="38" hits="0"/>
              </lines>
            </method>
            <method name="(anonymous_3)" hits="0" signature="()V">
              <lines>
                <line number="44" hits="0"/>
              </lines>
            </method>
          </methods>
          <lines>
            <line number="8" hits="2" branch="false"/>
            <line number="9" hits="7" branch="false"/>
            <line number="10" hits="5" branch="false"/>
            <line number="11" hits="5" branch="false"/>
            <line number="12" hits="5" branch="false"/>
            <line number="24" hits="4" branch="false"/>
            <line number="38" hits="0" branch="false"/>
            <line number="45" hits="0" branch="false"/>
            <line number="46" hits="0" branch="false"/>
            <line number="50" hits="0" branch="false"/>
          </lines>
        </class>
      </classes>
    </package>
    <package name="cs4218-2520-ecom-project-cs4218-2520-team25.client.src.pages.Auth" line-rate="0.9795" branch-rate="1">
      <classes>
        <class name="Login.js" filename="client/src/pages/Auth/Login.js" line-rate="0.9545" branch-rate="1">
          <methods>
            <method name="(anonymous_0)" hits="14" signature="()V">
              <lines>
                <line number="9" hits="14"/>
              </lines>
            </method>
            <method name="(anonymous_1)" hits="3" signature="()V">
              <lines>
                <line number="20" hits="3"/>
              </lines>
            </method>
            <method name="(anonymous_2)" hits="4" signature="()V">
              <lines>
                <line number="62" hits="4"/>
              </lines>
            </method>
            <method name="(anonymous_3)" hits="4" signature="()V">
              <lines>
                <line number="73" hits="4"/>
              </lines>
            </method>
            <method name="(anonymous_4)" hits="0" signature="()V">
              <lines>
                <line number="84" hits="0"/>
              </lines>
            </method>
          </methods>
          <lines>
            <line number="9" hits="1" branch="false"/>
            <line number="10" hits="14" branch="false"/>
            <line number="11" hits="14" branch="false"/>
            <line number="12" hits="14" branch="false"/>
            <line number="15" hits="14" branch="false"/>
            <line number="16" hits="14" branch="false"/>
            <line number="20" hits="14" branch="false"/>
            <line number="21" hits="3" branch="false"/>
            <line number="22" hits="3" branch="false"/>
            <line number="23" hits="3" branch="false"/>
            <line number="27" hits="2" branch="true" condition-coverage="100% (4/4)"/>
            <line number="28" hits="1" branch="true" condition-coverage="100% (2/2)"/>
            <line number="36" hits="1" branch="false"/>
            <line number="41" hits="1" branch="false"/>
            <line number="42" hits="1" branch="true" condition-coverage="100% (2/2)"/>
            <line number="44" hits="1" branch="false"/>
            <line number="47" hits="1" branch="false"/>
            <line number="48" hits="1" branch="false"/>
            <line number="51" hits="14" branch="false"/>
            <line number="62" hits="4" branch="false"/>
            <line number="73" hits="4" branch="false"/>
            <line number="85" hits="0" branch="false"/>
          </lines>
        </class>
        <class name="Register.js" filename="client/src/pages/Auth/Register.js" line-rate="1" branch-rate="1">
          <methods>
            <method name="(anonymous_0)" hits="24" signature="()V">
              <lines>
                <line number="7" hits="24"/>
              </lines>
            </method>
            <method name="(anonymous_1)" hits="3" signature="()V">
              <lines>
                <line number="18" hits="3"/>
              </lines>
            </method>
            <method name="(anonymous_2)" hits="3" signature="()V">
              <lines>
                <line number="51" hits="3"/>
              </lines>
            </method>
            <method name="(anonymous_3)" hits="3" signature="()V">
              <lines>
                <line number="63" hits="3"/>
              </lines>
            </method>
            <method name="(anonymous_4)" hits="3" signature="()V">
              <lines>
                <line number="74" hits="3"/>
              </lines>
            </method>
            <method name="(anonymous_5)" hits="3" signature="()V">
              <lines>
                <line number="85" hits="3"/>
              </lines>
            </method>
            <method name="(anonymous_6)" hits="3" signature="()V">
              <lines>
                <line number="96" hits="3"/>
              </lines>
            </method>
            <method name="(anonymous_7)" hits="3" signature="()V">
              <lines>
                <line number="107" hits="3"/>
              </lines>
            </method>
            <method name="(anonymous_8)" hits="3" signature="()V">
              <lines>
                <line number="118" hits="3"/>
              </lines>
            </method>
          </methods>
          <lines>
            <line number="7" hits="1" branch="false"/>
            <line number="8" hits="24" branch="false"/>
            <line number="9" hits="24" branch="false"/>
            <line number="10" hits="24" branch="false"/>
            <line number="11" hits="24" branch="false"/>
            <line number="12" hits="24" branch="false"/>
            <line number="13" hits="24" branch="false"/>
            <line number="14" hits="24" branch="false"/>
            <line number="15" hits="24" branch="false"/>
            <line number="18" hits="24" branch="false"/>
            <line number="19" hits="3" branch="false"/>
            <line number="20" hits="3" branch="false"/>
            <line number="21" hits="3" branch="false"/>
            <line number="30" hits="2" branch="true" condition-coverage="100% (4/4)"/>
            <line number="31" hits="1" branch="false"/>
            <line number="32" hits="1" branch="false"/>
            <line number="34" hits="1" branch="false"/>
            <line number="37" hits="1" branch="false"/>
            <line number="38" hits="1" branch="false"/>
            <line number="42" hits="24" branch="false"/>
            <line number="51" hits="3" branch="false"/>
            <line number="63" hits="3" branch="false"/>
            <line number="74" hits="3" branch="false"/>
            <line number="85" hits="3" branch="false"/>
            <line number="96" hits="3" branch="false"/>
            <line number="107" hits="3" branch="false"/>
            <line number="118" hits="3" branch="false"/>
          </lines>
        </class>
      </classes>
    </package>
    <package name="cs4218-2520-ecom-project-cs4218-2520-team25.client.src.pages.admin" line-rate="0.9768000000000001" branch-rate="0.8157">
      <classes>
        <class name="AdminDashboard.js" filename="client/src/pages/admin/AdminDashboard.js" line-rate="1" branch-rate="1">
          <methods>
            <method name="(anonymous_0)" hits="3" signature="()V">
              <lines>
                <line number="5" hits="3"/>
              </lines>
            </method>
          </methods>
          <lines>
            <line number="5" hits="1" branch="false"/>
            <line number="6" hits="3" branch="false"/>
            <line number="7" hits="3" branch="false"/>
          </lines>
        </class>
        <class name="AdminOrders.js" filename="client/src/pages/admin/AdminOrders.js" line-rate="1" branch-rate="0.6666">
          <methods>
            <method name="(anonymous_0)" hits="10" signature="()V">
              <lines>
                <line number="12" hits="10"/>
              </lines>
            </method>
            <method name="(anonymous_1)" hits="6" signature="()V">
              <lines>
                <line number="50" hits="6"/>
              </lines>
            </method>
            <method name="(anonymous_2)" hits="5" signature="()V">
              <lines>
                <line number="63" hits="5"/>
              </lines>
            </method>
            <method name="(anonymous_3)" hits="2" signature="()V">
              <lines>
                <line number="67" hits="2"/>
              </lines>
            </method>
            <method name="(anonymous_4)" hits="6" signature="()V">
              <lines>
                <line number="91" hits="6"/>
              </lines>
            </method>
            <method name="(anonymous_5)" hits="2" signature="()V">
              <lines>
                <line number="111" hits="2"/>
              </lines>
            </method>
            <method name="(anonymous_6)" hits="30" signature="()V">
              <lines>
                <line number="114" hits="30"/>
              </lines>
            </method>
            <method name="(anonymous_7)" hits="6" signature="()V">
              <lines>
                <line number="130" hits="6"/>
              </lines>
            </method>
          </methods>
          <lines>
            <line number="10" hits="1" branch="false"/>
            <line number="12" hits="1" branch="false"/>
            <line number="39" hits="10" branch="false"/>
            <line number="47" hits="9" branch="false"/>
            <line number="48" hits="9" branch="false"/>
            <line number="50" hits="9" branch="false"/>
            <line number="51" hits="6" branch="false"/>
            <line number="52" hits="6" branch="false"/>
            <line number="54" hits="5" branch="true" condition-coverage="50% (1/2)"/>
            <line number="55" hits="5" branch="false"/>
            <line number="58" hits="1" branch="false"/>
            <line number="59" hits="1" branch="false"/>
            <line number="63" hits="9" branch="false"/>
            <line number="64" hits="5" branch="true" condition-coverage="50% (1/2)"/>
            <line number="67" hits="9" branch="false"/>
            <line number="68" hits="2" branch="false"/>
            <line number="69" hits="2" branch="false"/>
            <line number="74" hits="1" branch="false"/>
            <line number="76" hits="1" branch="false"/>
            <line number="77" hits="1" branch="false"/>
            <line number="81" hits="9" branch="false"/>
            <line number="92" hits="6" branch="false"/>
            <line number="111" hits="2" branch="false"/>
            <line number="115" hits="30" branch="false"/>
            <line number="131" hits="6" branch="false"/>
          </lines>
        </class>
        <class name="CreateCategory.js" filename="client/src/pages/admin/CreateCategory.js" line-rate="1" branch-rate="1">
          <methods>
            <method name="(anonymous_0)" hits="39" signature="()V">
              <lines>
                <line number="9" hits="39"/>
              </lines>
            </method>
            <method name="(anonymous_1)" hits="3" signature="()V">
              <lines>
                <line number="17" hits="3"/>
              </lines>
            </method>
            <method name="(anonymous_2)" hits="18" signature="()V">
              <lines>
                <line number="36" hits="18"/>
              </lines>
            </method>
            <method name="(anonymous_3)" hits="15" signature="()V">
              <lines>
                <line number="48" hits="15"/>
              </lines>
            </method>
            <method name="(anonymous_4)" hits="3" signature="()V">
              <lines>
                <line number="53" hits="3"/>
              </lines>
            </method>
            <method name="(anonymous_5)" hits="3" signature="()V">
              <lines>
                <line number="76" hits="3"/>
              </lines>
            </method>
            <method name="(anonymous_6)" hits="42" signature="()V">
              <lines>
                <line number="118" hits="42"/>
              </lines>
            </method>
            <method name="(anonymous_7)" hits="4" signature="()V">
              <lines>
                <line number="124" hits="4"/>
              </lines>
            </method>
            <method name="(anonymous_8)" hits="3" signature="()V">
              <lines>
                <line number="134" hits="3"/>
              </lines>
            </method>
            <method name="(anonymous_9)" hits="1" signature="()V">
              <lines>
                <line number="147" hits="1"/>
              </lines>
            </method>
          </methods>
          <lines>
            <line number="9" hits="1" branch="false"/>
            <line number="10" hits="39" branch="false"/>
            <line number="11" hits="39" branch="false"/>
            <line number="12" hits="39" branch="false"/>
            <line number="13" hits="39" branch="false"/>
            <line number="14" hits="39" branch="false"/>
            <line number="17" hits="39" branch="false"/>
            <line number="18" hits="3" branch="false"/>
            <line number="19" hits="3" branch="false"/>
            <line number="20" hits="3" branch="false"/>
            <line number="23" hits="2" branch="true" condition-coverage="100% (2/2)"/>
            <line number="24" hits="1" branch="false"/>
            <line number="25" hits="1" branch="false"/>
            <line number="27" hits="1" branch="false"/>
            <line number="30" hits="1" branch="false"/>
            <line number="31" hits="1" branch="false"/>
            <line number="36" hits="39" branch="false"/>
            <line number="37" hits="18" branch="false"/>
            <line number="38" hits="18" branch="false"/>
            <line number="39" hits="17" branch="true" condition-coverage="100% (2/2)"/>
            <line number="40" hits="16" branch="false"/>
            <line number="43" hits="1" branch="false"/>
            <line number="44" hits="1" branch="false"/>
            <line number="48" hits="39" branch="false"/>
            <line number="49" hits="15" branch="false"/>
            <line number="53" hits="39" branch="false"/>
            <line number="54" hits="3" branch="false"/>
            <line number="55" hits="3" branch="false"/>
            <line number="56" hits="3" branch="false"/>
            <line number="60" hits="2" branch="true" condition-coverage="100% (2/2)"/>
            <line number="61" hits="1" branch="false"/>
            <line number="62" hits="1" branch="false"/>
            <line number="63" hits="1" branch="false"/>
            <line number="64" hits="1" branch="false"/>
            <line number="65" hits="1" branch="false"/>
            <line number="67" hits="1" branch="false"/>
            <line number="70" hits="1" branch="false"/>
            <line number="71" hits="1" branch="false"/>
            <line number="76" hits="39" branch="false"/>
            <line number="77" hits="3" branch="false"/>
            <line number="78" hits="3" branch="false"/>
            <line number="81" hits="2" branch="true" condition-coverage="100% (2/2)"/>
            <line number="82" hits="1" branch="false"/>
            <line number="83" hits="1" branch="false"/>
            <line number="85" hits="1" branch="false"/>
            <line number="88" hits="1" branch="false"/>
            <line number="89" hits="1" branch="false"/>
            <line number="93" hits="39" branch="false"/>
            <line number="119" hits="42" branch="false"/>
            <line number="125" hits="4" branch="false"/>
            <line number="126" hits="4" branch="false"/>
            <line number="127" hits="4" branch="false"/>
            <line number="135" hits="3" branch="false"/>
            <line number="147" hits="1" branch="false"/>
          </lines>
        </class>
        <class name="CreateProduct.js" filename="client/src/pages/admin/CreateProduct.js" line-rate="1" branch-rate="0.875">
          <methods>
            <method name="(anonymous_0)" hits="38" signature="()V">
              <lines>
                <line number="11" hits="38"/>
              </lines>
            </method>
            <method name="(anonymous_1)" hits="8" signature="()V">
              <lines>
                <line number="23" hits="8"/>
              </lines>
            </method>
            <method name="(anonymous_2)" hits="8" signature="()V">
              <lines>
                <line number="35" hits="8"/>
              </lines>
            </method>
            <method name="(anonymous_3)" hits="3" signature="()V">
              <lines>
                <line number="40" hits="3"/>
              </lines>
            </method>
            <method name="(anonymous_4)" hits="4" signature="()V">
              <lines>
                <line number="87" hits="4"/>
              </lines>
            </method>
            <method name="(anonymous_5)" hits="10" signature="()V">
              <lines>
                <line number="91" hits="10"/>
              </lines>
            </method>
            <method name="(anonymous_6)" hits="1" signature="()V">
              <lines>
                <line number="105" hits="1"/>
              </lines>
            </method>
            <method name="(anonymous_7)" hits="4" signature="()V">
              <lines>
                <line number="130" hits="4"/>
              </lines>
            </method>
            <method name="(anonymous_8)" hits="4" signature="()V">
              <lines>
                <line number="140" hits="4"/>
              </lines>
            </method>
            <method name="(anonymous_9)" hits="4" signature="()V">
              <lines>
                <line number="150" hits="4"/>
              </lines>
            </method>
            <method name="(anonymous_10)" hits="4" signature="()V">
              <lines>
                <line number="160" hits="4"/>
              </lines>
            </method>
            <method name="(anonymous_11)" hits="4" signature="()V">
              <lines>
                <line number="171" hits="4"/>
              </lines>
            </method>
          </methods>
          <lines>
            <line number="9" hits="1" branch="false"/>
            <line number="11" hits="1" branch="false"/>
            <line number="12" hits="38" branch="false"/>
            <line number="13" hits="38" branch="false"/>
            <line number="14" hits="37" branch="false"/>
            <line number="15" hits="37" branch="false"/>
            <line number="16" hits="37" branch="false"/>
            <line number="17" hits="37" branch="false"/>
            <line number="18" hits="37" branch="false"/>
            <line number="19" hits="37" branch="false"/>
            <line number="20" hits="37" branch="false"/>
            <line number="23" hits="37" branch="false"/>
            <line number="24" hits="8" branch="false"/>
            <line number="25" hits="8" branch="false"/>
            <line number="26" hits="7" branch="true" condition-coverage="50% (1/2)"/>
            <line number="27" hits="7" branch="false"/>
            <line number="30" hits="1" branch="false"/>
            <line number="31" hits="1" branch="false"/>
            <line number="35" hits="37" branch="false"/>
            <line number="36" hits="8" branch="false"/>
            <line number="40" hits="37" branch="false"/>
            <line number="41" hits="3" branch="false"/>
            <line number="42" hits="3" branch="false"/>
            <line number="43" hits="3" branch="false"/>
            <line number="44" hits="3" branch="false"/>
            <line number="45" hits="3" branch="false"/>
            <line number="46" hits="3" branch="false"/>
            <line number="47" hits="3" branch="false"/>
            <line number="48" hits="3" branch="false"/>
            <line number="49" hits="3" branch="false"/>
            <line number="51" hits="3" branch="false"/>
            <line number="56" hits="2" branch="true" condition-coverage="100% (2/2)"/>
            <line number="57" hits="1" branch="false"/>
            <line number="58" hits="1" branch="false"/>
            <line number="60" hits="1" branch="false"/>
            <line number="63" hits="1" branch="false"/>
            <line number="64" hits="1" branch="false"/>
            <line number="68" hits="37" branch="false"/>
            <line number="88" hits="4" branch="false"/>
            <line number="92" hits="10" branch="false"/>
            <line number="105" hits="1" branch="false"/>
            <line number="130" hits="4" branch="false"/>
            <line number="140" hits="4" branch="false"/>
            <line number="150" hits="4" branch="false"/>
            <line number="160" hits="4" branch="false"/>
            <line number="172" hits="4" branch="false"/>
          </lines>
        </class>
        <class name="Products.js" filename="client/src/pages/admin/Products.js" line-rate="0.8332999999999999" branch-rate="1">
          <methods>
            <method name="(anonymous_0)" hits="2" signature="()V">
              <lines>
                <line number="7" hits="2"/>
              </lines>
            </method>
            <method name="(anonymous_1)" hits="1" signature="()V">
              <lines>
                <line number="11" hits="1"/>
              </lines>
            </method>
            <method name="(anonymous_2)" hits="1" signature="()V">
              <lines>
                <line number="22" hits="1"/>
              </lines>
            </method>
            <method name="(anonymous_3)" hits="2" signature="()V">
              <lines>
                <line number="34" hits="2"/>
              </lines>
            </method>
          </methods>
          <lines>
            <line number="7" hits="1" branch="false"/>
            <line number="8" hits="2" branch="false"/>
            <line number="11" hits="2" branch="false"/>
            <line number="12" hits="1" branch="false"/>
            <line number="13" hits="1" branch="false"/>
            <line number="14" hits="1" branch="false"/>
            <line number="16" hits="0" branch="false"/>
            <line number="17" hits="0" branch="false"/>
            <line number="22" hits="2" branch="false"/>
            <line number="23" hits="1" branch="false"/>
            <line number="25" hits="2" branch="false"/>
            <line number="35" hits="2" branch="false"/>
          </lines>
        </class>
        <class name="UpdateProduct.js" filename="client/src/pages/admin/UpdateProduct.js" line-rate="0.9594" branch-rate="0.75">
          <methods>
            <method name="(anonymous_0)" hits="25" signature="()V">
              <lines>
                <line number="11" hits="25"/>
              </lines>
            </method>
            <method name="(anonymous_1)" hits="12" signature="()V">
              <lines>
                <line number="25" hits="12"/>
              </lines>
            </method>
            <method name="(anonymous_2)" hits="12" signature="()V">
              <lines>
                <line number="44" hits="12"/>
              </lines>
            </method>
            <method name="(anonymous_3)" hits="12" signature="()V">
              <lines>
                <line number="50" hits="12"/>
              </lines>
            </method>
            <method name="(anonymous_4)" hits="12" signature="()V">
              <lines>
                <line number="63" hits="12"/>
              </lines>
            </method>
            <method name="(anonymous_5)" hits="3" signature="()V">
              <lines>
                <line number="68" hits="3"/>
              </lines>
            </method>
            <method name="(anonymous_6)" hits="4" signature="()V">
              <lines>
                <line number="98" hits="4"/>
              </lines>
            </method>
            <method name="(anonymous_7)" hits="0" signature="()V">
              <lines>
                <line number="139" hits="0"/>
              </lines>
            </method>
            <method name="(anonymous_8)" hits="13" signature="()V">
              <lines>
                <line number="144" hits="13"/>
              </lines>
            </method>
            <method name="(anonymous_9)" hits="0" signature="()V">
              <lines>
                <line number="158" hits="0"/>
              </lines>
            </method>
            <method name="(anonymous_10)" hits="1" signature="()V">
              <lines>
                <line number="192" hits="1"/>
              </lines>
            </method>
            <method name="(anonymous_11)" hits="1" signature="()V">
              <lines>
                <line number="202" hits="1"/>
              </lines>
            </method>
            <method name="(anonymous_12)" hits="1" signature="()V">
              <lines>
                <line number="212" hits="1"/>
              </lines>
            </method>
            <method name="(anonymous_13)" hits="1" signature="()V">
              <lines>
                <line number="222" hits="1"/>
              </lines>
            </method>
            <method name="(anonymous_14)" hits="0" signature="()V">
              <lines>
                <line number="233" hits="0"/>
              </lines>
            </method>
          </methods>
          <lines>
            <line number="9" hits="1" branch="false"/>
            <line number="11" hits="1" branch="false"/>
            <line number="12" hits="25" branch="false"/>
            <line number="13" hits="25" branch="false"/>
            <line number="14" hits="25" branch="false"/>
            <line number="15" hits="25" branch="false"/>
            <line number="16" hits="25" branch="false"/>
            <line number="17" hits="25" branch="false"/>
            <line number="18" hits="25" branch="false"/>
            <line number="19" hits="25" branch="false"/>
            <line number="20" hits="25" branch="false"/>
            <line number="21" hits="25" branch="false"/>
            <line number="22" hits="25" branch="false"/>
            <line number="25" hits="25" branch="false"/>
            <line number="26" hits="12" branch="false"/>
            <line number="27" hits="12" branch="false"/>
            <line number="31" hits="11" branch="false"/>
            <line number="32" hits="11" branch="false"/>
            <line number="33" hits="11" branch="false"/>
            <line number="34" hits="11" branch="false"/>
            <line number="35" hits="11" branch="false"/>
            <line number="36" hits="11" branch="false"/>
            <line number="37" hits="11" branch="false"/>
            <line number="39" hits="1" branch="false"/>
            <line number="40" hits="1" branch="false"/>
            <line number="44" hits="25" branch="false"/>
            <line number="45" hits="12" branch="false"/>
            <line number="50" hits="25" branch="false"/>
            <line number="51" hits="12" branch="false"/>
            <line number="52" hits="12" branch="false"/>
            <line number="54" hits="11" branch="true" condition-coverage="50% (1/2)"/>
            <line number="55" hits="11" branch="false"/>
            <line number="58" hits="1" branch="false"/>
            <line number="59" hits="1" branch="false"/>
            <line number="63" hits="25" branch="false"/>
            <line number="64" hits="12" branch="false"/>
            <line number="68" hits="25" branch="false"/>
            <line number="69" hits="3" branch="false"/>
            <line number="71" hits="3" branch="false"/>
            <line number="72" hits="3" branch="false"/>
            <line number="73" hits="3" branch="false"/>
            <line number="74" hits="3" branch="false"/>
            <line number="75" hits="3" branch="false"/>
            <line number="76" hits="3" branch="false"/>
            <line number="77" hits="3" branch="true" condition-coverage="50% (1/2)"/>
            <line number="78" hits="3" branch="false"/>
            <line number="80" hits="3" branch="false"/>
            <line number="85" hits="2" branch="true" condition-coverage="100% (2/2)"/>
            <line number="86" hits="1" branch="false"/>
            <line number="87" hits="1" branch="false"/>
            <line number="89" hits="1" branch="false"/>
            <line number="92" hits="1" branch="false"/>
            <line number="93" hits="1" branch="false"/>
            <line number="98" hits="25" branch="false"/>
            <line number="99" hits="4" branch="false"/>
            <line number="100" hits="4" branch="false"/>
            <line number="102" hits="4" branch="true" condition-coverage="100% (2/2)"/>
            <line number="104" hits="3" branch="false"/>
            <line number="108" hits="2" branch="true" condition-coverage="100% (2/2)"/>
            <line number="109" hits="1" branch="false"/>
            <line number="110" hits="1" branch="false"/>
            <line number="112" hits="1" branch="false"/>
            <line number="113" hits="1" branch="false"/>
            <line number="116" hits="1" branch="false"/>
            <line number="117" hits="1" branch="false"/>
            <line number="121" hits="25" branch="false"/>
            <line number="140" hits="0" branch="false"/>
            <line number="145" hits="13" branch="false"/>
            <line number="158" hits="0" branch="false"/>
            <line number="192" hits="1" branch="false"/>
            <line number="202" hits="1" branch="false"/>
            <line number="212" hits="1" branch="false"/>
            <line number="222" hits="1" branch="false"/>
            <line number="234" hits="0" branch="false"/>
          </lines>
        </class>
        <class name="Users.js" filename="client/src/pages/admin/Users.js" line-rate="1" branch-rate="1">
          <methods>
            <method name="(anonymous_0)" hits="2" signature="()V">
              <lines>
                <line number="5" hits="2"/>
              </lines>
            </method>
          </methods>
          <lines>
            <line number="5" hits="1" branch="false"/>
            <line number="6" hits="2" branch="false"/>
          </lines>
        </class>
      </classes>
    </package>
    <package name="cs4218-2520-ecom-project-cs4218-2520-team25.client.src.pages.user" line-rate="0.8979" branch-rate="0.75">
      <classes>
        <class name="Dashboard.js" filename="client/src/pages/user/Dashboard.js" line-rate="1" branch-rate="1">
          <methods>
            <method name="(anonymous_0)" hits="3" signature="()V">
              <lines>
                <line number="5" hits="3"/>
              </lines>
            </method>
          </methods>
          <lines>
            <line number="5" hits="1" branch="false"/>
            <line number="6" hits="3" branch="false"/>
            <line number="7" hits="3" branch="false"/>
          </lines>
        </class>
        <class name="Orders.js" filename="client/src/pages/user/Orders.js" line-rate="1" branch-rate="0.8332999999999999">
          <methods>
            <method name="(anonymous_0)" hits="9" signature="()V">
              <lines>
                <line number="8" hits="9"/>
              </lines>
            </method>
            <method name="(anonymous_1)" hits="5" signature="()V">
              <lines>
                <line number="11" hits="5"/>
              </lines>
            </method>
            <method name="(anonymous_2)" hits="6" signature="()V">
              <lines>
                <line number="20" hits="6"/>
              </lines>
            </method>
            <method name="(anonymous_3)" hits="6" signature="()V">
              <lines>
                <line number="32" hits="6"/>
              </lines>
            </method>
            <method name="(anonymous_4)" hits="9" signature="()V">
              <lines>
                <line number="58" hits="9"/>
              </lines>
            </method>
          </methods>
          <lines>
            <line number="8" hits="1" branch="false"/>
            <line number="9" hits="9" branch="false"/>
            <line number="10" hits="9" branch="false"/>
            <line number="11" hits="9" branch="false"/>
            <line number="12" hits="5" branch="false"/>
            <line number="13" hits="5" branch="false"/>
            <line number="14" hits="4" branch="false"/>
            <line number="16" hits="1" branch="false"/>
            <line number="20" hits="9" branch="false"/>
            <line number="21" hits="6" branch="true" condition-coverage="100% (2/2)"/>
            <line number="23" hits="9" branch="false"/>
            <line number="33" hits="6" branch="false"/>
            <line number="59" hits="9" branch="false"/>
          </lines>
        </class>
        <class name="Profile.js" filename="client/src/pages/user/Profile.js" line-rate="0.8484" branch-rate="0.5">
          <methods>
            <method name="(anonymous_0)" hits="7" signature="()V">
              <lines>
                <line number="7" hits="7"/>
              </lines>
            </method>
            <method name="(anonymous_1)" hits="3" signature="()V">
              <lines>
                <line number="18" hits="3"/>
              </lines>
            </method>
            <method name="(anonymous_2)" hits="2" signature="()V">
              <lines>
                <line number="27" hits="2"/>
              </lines>
            </method>
            <method name="(anonymous_3)" hits="1" signature="()V">
              <lines>
                <line number="67" hits="1"/>
              </lines>
            </method>
            <method name="(anonymous_4)" hits="0" signature="()V">
              <lines>
                <line number="78" hits="0"/>
              </lines>
            </method>
            <method name="(anonymous_5)" hits="0" signature="()V">
              <lines>
                <line number="89" hits="0"/>
              </lines>
            </method>
            <method name="(anonymous_6)" hits="0" signature="()V">
              <lines>
                <line number="99" hits="0"/>
              </lines>
            </method>
            <method name="(anonymous_7)" hits="0" signature="()V">
              <lines>
                <line number="109" hits="0"/>
              </lines>
            </method>
          </methods>
          <lines>
            <line number="7" hits="1" branch="false"/>
            <line number="9" hits="7" branch="false"/>
            <line number="11" hits="7" branch="false"/>
            <line number="12" hits="7" branch="false"/>
            <line number="13" hits="7" branch="false"/>
            <line number="14" hits="7" branch="false"/>
            <line number="15" hits="7" branch="false"/>
            <line number="18" hits="7" branch="false"/>
            <line number="19" hits="3" branch="false"/>
            <line number="20" hits="3" branch="false"/>
            <line number="21" hits="3" branch="false"/>
            <line number="22" hits="3" branch="false"/>
            <line number="23" hits="3" branch="false"/>
            <line number="27" hits="7" branch="false"/>
            <line number="28" hits="2" branch="false"/>
            <line number="29" hits="2" branch="false"/>
            <line number="30" hits="2" branch="false"/>
            <line number="37" hits="1" branch="true" condition-coverage="50% (1/2)"/>
            <line number="38" hits="0" branch="false"/>
            <line number="40" hits="1" branch="false"/>
            <line number="41" hits="1" branch="false"/>
            <line number="42" hits="1" branch="false"/>
            <line number="43" hits="1" branch="false"/>
            <line number="44" hits="1" branch="false"/>
            <line number="45" hits="1" branch="false"/>
            <line number="48" hits="1" branch="false"/>
            <line number="49" hits="1" branch="false"/>
            <line number="52" hits="7" branch="false"/>
            <line number="67" hits="1" branch="false"/>
            <line number="78" hits="0" branch="false"/>
            <line number="89" hits="0" branch="false"/>
            <line number="99" hits="0" branch="false"/>
            <line number="109" hits="0" branch="false"/>
          </lines>
        </class>
      </classes>
    </package>
    <package name="cs4218-2520-ecom-project-cs4218-2520-team25.config" line-rate="1" branch-rate="1">
      <classes>
        <class name="db.js" filename="config/db.js" line-rate="1" branch-rate="1">
          <methods>
            <method name="(anonymous_0)" hits="3" signature="()V">
              <lines>
                <line number="3" hits="3"/>
              </lines>
            </method>
          </methods>
          <lines>
            <line number="3" hits="2" branch="false"/>
            <line number="4" hits="3" branch="false"/>
            <line number="5" hits="3" branch="false"/>
            <line number="6" hits="2" branch="false"/>
            <line number="8" hits="1" branch="false"/>
          </lines>
        </class>
      </classes>
    </package>
    <package name="cs4218-2520-ecom-project-cs4218-2520-team25.controllers" line-rate="1" branch-rate="0.975">
      <classes>
        <class name="authController.js" filename="controllers/authController.js" line-rate="1" branch-rate="0.9772">
          <methods>
            <method name="(anonymous_0)" hits="12" signature="()V">
              <lines>
                <line number="8" hits="12"/>
              </lines>
            </method>
            <method name="(anonymous_1)" hits="9" signature="()V">
              <lines>
                <line number="68" hits="9"/>
              </lines>
            </method>
            <method name="(anonymous_2)" hits="11" signature="()V">
              <lines>
                <line number="122" hits="11"/>
              </lines>
            </method>
            <method name="(anonymous_3)" hits="2" signature="()V">
              <lines>
                <line number="160" hits="2"/>
              </lines>
            </method>
            <method name="(anonymous_4)" hits="8" signature="()V">
              <lines>
                <line number="170" hits="8"/>
              </lines>
            </method>
            <method name="(anonymous_5)" hits="2" signature="()V">
              <lines>
                <line number="205" hits="2"/>
              </lines>
            </method>
            <method name="(anonymous_6)" hits="2" signature="()V">
              <lines>
                <line number="222" hits="2"/>
              </lines>
            </method>
            <method name="(anonymous_7)" hits="2" signature="()V">
              <lines>
                <line number="241" hits="2"/>
              </lines>
            </method>
          </methods>
          <lines>
            <line number="8" hits="5" branch="false"/>
            <line number="9" hits="12" branch="false"/>
            <line number="10" hits="12" branch="false"/>
            <line number="12" hits="12" branch="true" condition-coverage="100% (2/2)"/>
            <line number="13" hits="2" branch="false"/>
            <line number="15" hits="10" branch="true" condition-coverage="100% (2/2)"/>
            <line number="16" hits="1" branch="false"/>
            <line number="18" hits="9" branch="true" condition-coverage="100% (2/2)"/>
            <line number="19" hits="1" branch="false"/>
            <line number="21" hits="8" branch="true" condition-coverage="100% (2/2)"/>
            <line number="22" hits="1" branch="false"/>
            <line number="24" hits="7" branch="true" condition-coverage="100% (2/2)"/>
            <line number="25" hits="1" branch="false"/>
            <line number="27" hits="6" branch="true" condition-coverage="100% (2/2)"/>
            <line number="28" hits="1" branch="false"/>
            <line number="31" hits="5" branch="false"/>
            <line number="33" hits="5" branch="true" condition-coverage="100% (2/2)"/>
            <line number="34" hits="2" branch="false"/>
            <line number="40" hits="3" branch="false"/>
            <line number="42" hits="3" branch="false"/>
            <line number="51" hits="2" branch="false"/>
            <line number="57" hits="1" branch="false"/>
            <line number="58" hits="1" branch="false"/>
            <line number="68" hits="5" branch="false"/>
            <line number="69" hits="9" branch="false"/>
            <line number="70" hits="9" branch="false"/>
            <line number="72" hits="9" branch="true" condition-coverage="100% (4/4)"/>
            <line number="73" hits="2" branch="false"/>
            <line number="79" hits="7" branch="false"/>
            <line number="80" hits="6" branch="true" condition-coverage="100% (2/2)"/>
            <line number="81" hits="2" branch="false"/>
            <line number="86" hits="4" branch="false"/>
            <line number="87" hits="4" branch="true" condition-coverage="100% (2/2)"/>
            <line number="88" hits="2" branch="false"/>
            <line number="94" hits="2" branch="false"/>
            <line number="97" hits="2" branch="false"/>
            <line number="111" hits="1" branch="false"/>
            <line number="112" hits="1" branch="false"/>
            <line number="122" hits="5" branch="false"/>
            <line number="123" hits="11" branch="false"/>
            <line number="124" hits="11" branch="false"/>
            <line number="125" hits="11" branch="true" condition-coverage="100% (2/2)"/>
            <line number="126" hits="2" branch="false"/>
            <line number="128" hits="11" branch="true" condition-coverage="100% (2/2)"/>
            <line number="129" hits="2" branch="false"/>
            <line number="131" hits="11" branch="true" condition-coverage="100% (2/2)"/>
[...]
            <line number="8" hits="8" branch="true" condition-coverage="100% (2/2)"/>
            <line number="9" hits="2" branch="false"/>
            <line number="11" hits="6" branch="false"/>
            <line number="12" hits="5" branch="true" condition-coverage="100% (2/2)"/>
            <line number="13" hits="2" branch="false"/>
            <line number="18" hits="3" branch="false"/>
            <line number="22" hits="3" branch="false"/>
            <line number="28" hits="1" branch="false"/>
            <line number="29" hits="1" branch="false"/>
            <line number="39" hits="4" branch="false"/>
            <line number="40" hits="3" branch="false"/>
            <line number="41" hits="3" branch="false"/>
            <line number="42" hits="3" branch="false"/>
            <line number="43" hits="3" branch="false"/>
            <line number="48" hits="2" branch="false"/>
            <line number="54" hits="1" branch="false"/>
            <line number="55" hits="1" branch="false"/>
            <line number="64" hits="4" branch="false"/>
            <line number="65" hits="4" branch="false"/>
            <line number="66" hits="4" branch="false"/>
            <line number="67" hits="3" branch="false"/>
            <line number="73" hits="1" branch="false"/>
            <line number="74" hits="1" branch="false"/>
            <line number="84" hits="4" branch="false"/>
            <line number="85" hits="4" branch="false"/>
            <line number="86" hits="4" branch="false"/>
            <line number="87" hits="3" branch="false"/>
            <line number="93" hits="1" branch="false"/>
            <line number="94" hits="1" branch="false"/>
            <line number="104" hits="4" branch="false"/>
            <line number="105" hits="3" branch="false"/>
            <line number="106" hits="3" branch="false"/>
            <line number="107" hits="3" branch="false"/>
            <line number="108" hits="2" branch="false"/>
            <line number="113" hits="1" branch="false"/>
            <line number="114" hits="1" branch="false"/>
          </lines>
        </class>
        <class name="productController.js" filename="controllers/productController.js" line-rate="1" branch-rate="0.9687">
          <methods>
            <method name="(anonymous_0)" hits="13" signature="()V">
              <lines>
                <line number="12" hits="13"/>
              </lines>
            </method>
            <method name="(anonymous_1)" hits="7" signature="()V">
              <lines>
                <line number="58" hits="7"/>
              </lines>
            </method>
            <method name="(anonymous_2)" hits="6" signature="()V">
              <lines>
                <line number="84" hits="6"/>
              </lines>
            </method>
            <method name="(anonymous_3)" hits="6" signature="()V">
              <lines>
                <line number="107" hits="6"/>
              </lines>
            </method>
            <method name="(anonymous_4)" hits="6" signature="()V">
              <lines>
                <line number="127" hits="6"/>
              </lines>
            </method>
            <method name="(anonymous_5)" hits="15" signature="()V">
              <lines>
                <line number="145" hits="15"/>
              </lines>
            </method>
            <method name="(anonymous_6)" hits="9" signature="()V">
              <lines>
                <line number="194" hits="9"/>
              </lines>
            </method>
            <method name="(anonymous_7)" hits="4" signature="()V">
              <lines>
                <line number="216" hits="4"/>
              </lines>
            </method>
            <method name="(anonymous_8)" hits="5" signature="()V">
              <lines>
                <line number="234" hits="5"/>
              </lines>
            </method>
            <method name="(anonymous_9)" hits="8" signature="()V">
              <lines>
                <line number="259" hits="8"/>
              </lines>
            </method>
            <method name="(anonymous_10)" hits="7" signature="()V">
              <lines>
                <line number="282" hits="7"/>
              </lines>
            </method>
            <method name="(anonymous_11)" hits="9" signature="()V">
              <lines>
                <line number="308" hits="9"/>
              </lines>
            </method>
            <method name="(anonymous_12)" hits="3" signature="()V">
              <lines>
                <line number="329" hits="3"/>
              </lines>
            </method>
            <method name="(anonymous_13)" hits="2" signature="()V">
              <lines>
                <line number="331" hits="2"/>
              </lines>
            </method>
            <method name="(anonymous_14)" hits="5" signature="()V">
              <lines>
                <line number="344" hits="5"/>
              </lines>
            </method>
            <method name="(anonymous_15)" hits="8" signature="()V">
              <lines>
                <line number="348" hits="8"/>
              </lines>
            </method>
            <method name="(anonymous_16)" hits="4" signature="()V">
              <lines>
                <line number="359" hits="4"/>
              </lines>
            </method>
          </methods>
          <lines>
            <line number="12" hits="5" branch="false"/>
            <line number="13" hits="13" branch="false"/>
            <line number="15" hits="13" branch="false"/>
            <line number="16" hits="13" branch="false"/>
            <line number="18" hits="13" branch="true" condition-coverage="100% (6/6)"/>
            <line number="20" hits="2" branch="false"/>
            <line number="22" hits="1" branch="false"/>
            <line number="24" hits="1" branch="false"/>
            <line number="26" hits="1" branch="false"/>
            <line number="28" hits="1" branch="false"/>
            <line number="30" hits="2" branch="false"/>
            <line number="35" hits="5" branch="false"/>
            <line number="36" hits="5" branch="true" condition-coverage="100% (2/2)"/>
            <line number="37" hits="2" branch="false"/>
            <line number="38" hits="2" branch="false"/>
            <line number="40" hits="5" branch="false"/>
            <line number="41" hits="3" branch="false"/>
            <line number="47" hits="2" branch="false"/>
            <line number="48" hits="2" branch="false"/>
            <line number="58" hits="5" branch="false"/>
            <line number="59" hits="7" branch="false"/>
            <line number="60" hits="7" branch="false"/>
            <line number="66" hits="5" branch="false"/>
            <line number="73" hits="2" branch="false"/>
            <line number="74" hits="2" branch="false"/>
            <line number="84" hits="5" branch="false"/>
            <line number="85" hits="6" branch="false"/>
            <line number="86" hits="6" branch="false"/>
            <line number="90" hits="4" branch="false"/>
            <line number="96" hits="2" branch="false"/>
            <line number="97" hits="2" branch="false"/>
            <line number="107" hits="5" branch="false"/>
            <line number="108" hits="6" branch="false"/>
            <line number="109" hits="6" branch="false"/>
            <line number="112" hits="3" branch="true" condition-coverage="100% (2/2)"/>
            <line number="113" hits="2" branch="false"/>
            <line number="114" hits="2" branch="false"/>
            <line number="117" hits="3" branch="false"/>
            <line number="118" hits="3" branch="false"/>
            <line number="127" hits="5" branch="false"/>
            <line number="128" hits="6" branch="false"/>
            <line number="129" hits="6" branch="false"/>
            <line number="130" hits="3" branch="false"/>
            <line number="135" hits="3" branch="false"/>
            <line number="136" hits="3" branch="false"/>
            <line number="145" hits="5" branch="false"/>
            <line number="146" hits="15" branch="false"/>
            <line number="148" hits="15" branch="false"/>
            <line number="149" hits="15" branch="false"/>
            <line number="151" hits="15" branch="true" condition-coverage="100% (6/6)"/>
            <line number="153" hits="2" branch="false"/>
            <line number="155" hits="1" branch="false"/>
            <line number="157" hits="1" branch="false"/>
            <line number="159" hits="1" branch="false"/>
            <line number="161" hits="1" branch="false"/>
            <line number="163" hits="2" branch="false"/>
            <line number="168" hits="7" branch="false"/>
            <line number="173" hits="3" branch="true" condition-coverage="100% (2/2)"/>
            <line number="174" hits="2" branch="false"/>
            <line number="175" hits="2" branch="false"/>
            <line number="177" hits="3" branch="false"/>
            <line number="178" hits="3" branch="false"/>
            <line number="184" hits="4" branch="false"/>
            <line number="185" hits="4" branch="false"/>
            <line number="194" hits="5" branch="false"/>
            <line number="195" hits="9" branch="false"/>
            <line number="196" hits="9" branch="false"/>
            <line number="197" hits="9" branch="false"/>
            <line number="198" hits="9" branch="true" condition-coverage="100% (2/2)"/>
            <line number="199" hits="9" branch="true" condition-coverage="100% (2/2)"/>
            <line number="200" hits="9" branch="false"/>
            <line number="201" hits="7" branch="false"/>
            <line number="206" hits="2" branch="false"/>
            <line number="207" hits="2" branch="false"/>
            <line number="216" hits="5" branch="false"/>
            <line number="217" hits="4" branch="false"/>
            <line number="218" hits="4" branch="false"/>
            <line number="219" hits="2" branch="false"/>
            <line number="224" hits="2" branch="false"/>
            <line number="225" hits="2" branch="false"/>
            <line number="234" hits="5" branch="false"/>
            <line number="235" hits="5" branch="false"/>
            <line number="236" hits="5" branch="false"/>
            <line number="237" hits="5" branch="true" condition-coverage="50% (1/2)"/>
            <line number="238" hits="5" branch="false"/>
            <line number="244" hits="3" branch="false"/>
            <line number="249" hits="2" branch="false"/>
            <line number="250" hits="2" branch="false"/>
            <line number="259" hits="5" branch="false"/>
            <line number="260" hits="8" branch="false"/>
            <line number="261" hits="8" branch="false"/>
            <line number="262" hits="8" branch="false"/>
            <line number="270" hits="5" branch="false"/>
            <line number="272" hits="3" branch="false"/>
            <line number="273" hits="3" branch="false"/>
            <line number="282" hits="5" branch="false"/>
            <line number="283" hits="7" branch="false"/>
            <line number="284" hits="7" branch="false"/>
            <line number="285" hits="7" branch="false"/>
            <line number="293" hits="4" branch="false"/>
            <line number="298" hits="3" branch="false"/>
            <line number="299" hits="3" branch="false"/>
            <line number="308" hits="5" branch="false"/>
            <line number="309" hits="9" branch="false"/>
            <line number="310" hits="9" branch="false"/>
            <line number="311" hits="8" branch="false"/>
            <line number="312" hits="7" branch="false"/>
            <line number="318" hits="2" branch="false"/>
            <line number="319" hits="2" branch="false"/>
            <line number="329" hits="5" branch="false"/>
            <line number="330" hits="3" branch="false"/>
            <line number="331" hits="3" branch="false"/>
            <line number="332" hits="2" branch="true" condition-coverage="100% (2/2)"/>
            <line number="333" hits="1" branch="false"/>
            <line number="335" hits="1" branch="false"/>
            <line number="339" hits="1" branch="false"/>
            <line number="344" hits="5" branch="false"/>
            <line number="345" hits="5" branch="false"/>
            <line number="346" hits="5" branch="false"/>
            <line number="347" hits="5" branch="false"/>
            <line number="348" hits="5" branch="false"/>
            <line number="349" hits="8" branch="false"/>
            <line number="351" hits="5" branch="false"/>
            <line number="360" hits="4" branch="true" condition-coverage="100% (2/2)"/>
            <line number="361" hits="3" branch="false"/>
            <line number="366" hits="3" branch="false"/>
            <line number="368" hits="1" branch="false"/>
            <line number="373" hits="1" branch="false"/>
          </lines>
        </class>
      </classes>
    </package>
    <package name="cs4218-2520-ecom-project-cs4218-2520-team25.helpers" line-rate="1" branch-rate="1">
      <classes>
        <class name="authHelper.js" filename="helpers/authHelper.js" line-rate="1" branch-rate="1">
          <methods>
            <method name="(anonymous_0)" hits="17" signature="()V">
              <lines>
                <line number="3" hits="17"/>
              </lines>
            </method>
            <method name="(anonymous_1)" hits="4" signature="()V">
              <lines>
                <line number="14" hits="4"/>
              </lines>
            </method>
          </methods>
          <lines>
            <line number="3" hits="6" branch="false"/>
            <line number="4" hits="17" branch="false"/>
            <line number="5" hits="17" branch="false"/>
            <line number="6" hits="17" branch="false"/>
            <line number="7" hits="16" branch="false"/>
            <line number="10" hits="1" branch="false"/>
            <line number="14" hits="6" branch="false"/>
            <line number="15" hits="4" branch="false"/>
          </lines>
        </class>
      </classes>
    </package>
    <package name="cs4218-2520-ecom-project-cs4218-2520-team25.middlewares" line-rate="1" branch-rate="1">
      <classes>
        <class name="authMiddleware.js" filename="middlewares/authMiddleware.js" line-rate="1" branch-rate="1">
          <methods>
            <method name="(anonymous_0)" hits="12" signature="()V">
              <lines>
                <line number="6" hits="12"/>
              </lines>
            </method>
            <method name="(anonymous_1)" hits="11" signature="()V">
              <lines>
                <line number="25" hits="11"/>
              </lines>
            </method>
          </methods>
          <lines>
            <line number="6" hits="5" branch="false"/>
            <line number="7" hits="12" branch="false"/>
            <line number="8" hits="12" branch="false"/>
            <line number="12" hits="9" branch="false"/>
            <line number="13" hits="9" branch="false"/>
            <line number="15" hits="3" branch="false"/>
            <line number="16" hits="3" branch="false"/>
            <line number="25" hits="5" branch="false"/>
            <line number="26" hits="11" branch="false"/>
            <line number="27" hits="11" branch="false"/>
            <line number="28" hits="10" branch="true" condition-coverage="100% (2/2)"/>
            <line number="29" hits="2" branch="false"/>
            <line number="34" hits="8" branch="false"/>
            <line number="37" hits="1" branch="false"/>
            <line number="38" hits="1" branch="false"/>
          </lines>
        </class>
      </classes>
    </package>
    <package name="cs4218-2520-ecom-project-cs4218-2520-team25.models" line-rate="1" branch-rate="1">
      <classes>
        <class name="categoryModel.js" filename="models/categoryModel.js" line-rate="1" branch-rate="1">
          <methods>
          </methods>
          <lines>
            <line number="6" hits="7" branch="false"/>
          </lines>
        </class>
        <class name="orderModel.js" filename="models/orderModel.js" line-rate="1" branch-rate="1">
          <methods>
          </methods>
          <lines>
            <line number="3" hits="7" branch="false"/>
          </lines>
        </class>
        <class name="productModel.js" filename="models/productModel.js" line-rate="1" branch-rate="1">
          <methods>
          </methods>
          <lines>
            <line number="6" hits="5" branch="false"/>
          </lines>
        </class>
        <class name="userModel.js" filename="models/userModel.js" line-rate="1" branch-rate="1">
          <methods>
          </methods>
          <lines>
            <line number="5" hits="8" branch="false"/>
          </lines>
        </class>
      </classes>
    </package>
    <package name="cs4218-2520-ecom-project-cs4218-2520-team25.routes" line-rate="0.9704999999999999" branch-rate="1">
      <classes>
        <class name="authRoute.js" filename="routes/authRoute.js" line-rate="0.9229999999999999" branch-rate="1">
          <methods>
            <method name="(anonymous_0)" hits="1" signature="()V">
              <lines>
                <line number="31" hits="1"/>
              </lines>
            </method>
            <method name="(anonymous_1)" hits="0" signature="()V">
              <lines>
                <line number="35" hits="0"/>
              </lines>
            </method>
          </methods>
          <lines>
            <line number="15" hits="3" branch="false"/>
            <line number="19" hits="3" branch="false"/>
            <line number="22" hits="3" branch="false"/>
            <line number="25" hits="3" branch="false"/>
            <line number="28" hits="3" branch="false"/>
            <line number="31" hits="3" branch="false"/>
            <line number="32" hits="1" branch="false"/>
            <line number="35" hits="3" branch="false"/>
            <line number="36" hits="0" branch="false"/>
            <line number="40" hits="3" branch="false"/>
            <line number="43" hits="3" branch="false"/>
            <line number="46" hits="3" branch="false"/>
            <line number="49" hits="3" branch="false"/>
          </lines>
        </class>
        <class name="categoryRoutes.js" filename="routes/categoryRoutes.js" line-rate="1" branch-rate="1">
          <methods>
          </methods>
          <lines>
            <line number="11" hits="3" branch="false"/>
            <line number="15" hits="3" branch="false"/>
            <line number="23" hits="3" branch="false"/>
            <line number="31" hits="3" branch="false"/>
            <line number="34" hits="3" branch="false"/>
            <line number="37" hits="3" branch="false"/>
          </lines>
        </class>
        <class name="productRoutes.js" filename="routes/productRoutes.js" line-rate="1" branch-rate="1">
          <methods>
          </methods>
          <lines>
            <line number="21" hits="3" branch="false"/>
            <line number="24" hits="3" branch="false"/>
            <line number="32" hits="3" branch="false"/>
            <line number="41" hits="3" branch="false"/>
            <line number="44" hits="3" branch="false"/>
            <line number="47" hits="3" branch="false"/>
            <line number="50" hits="3" branch="false"/>
            <line number="53" hits="3" branch="false"/>
            <line number="56" hits="3" branch="false"/>
            <line number="59" hits="3" branch="false"/>
            <line number="62" hits="3" branch="false"/>
            <line number="65" hits="3" branch="false"/>
            <line number="68" hits="3" branch="false"/>
            <line number="72" hits="3" branch="false"/>
            <line number="75" hits="3" branch="false"/>
          </lines>
        </class>
      </classes>
    </package>
  </packages>
</coverage>
